2022-04-03 16:21:18.3041|Sys.Common.NLogHelp|ERROR|
【异常信息】：Access to the path 'E:\System_Uploads\Files\测试' is denied. 
【异常类型】：UnauthorizedAccessException 
【堆栈调用】：
   at System.IO.FileStream.ValidateFileHandle(SafeFileHandle fileHandle)
   at System.IO.FileStream.CreateFileOpenHandle(FileMode mode, FileShare share, FileOptions options)
   at System.IO.FileStream..ctor(String path, FileMode mode, FileAccess access, FileShare share, Int32 bufferSize, FileOptions options)
   at System.IO.FileStream..ctor(String path, FileMode mode, FileAccess access, FileShare share, Int32 bufferSize)
   at System.IO.File.Create(String path)
   at Sys.CoreApi.Controllers.FileUpLoadController.Upload(IFormFile file, String user) in E:\设计\Sys.CoreApi\Controllers\FileUpLoadController.cs:line 49
   at lambda_method(Closure , Object )
   at Microsoft.Extensions.Internal.ObjectMethodExecutorAwaitable.Awaiter.GetResult()
   at Microsoft.AspNetCore.Mvc.Infrastructure.ActionMethodExecutor.TaskOfActionResultExecutor.Execute(IActionResultTypeMapper mapper, ObjectMethodExecutor executor, Object controller, Object[] arguments)
   at Microsoft.AspNetCore.Mvc.Infrastructure.ControllerActionInvoker.<InvokeActionMethodAsync>g__Awaited|12_0(ControllerActionInvoker invoker, ValueTask`1 actionResultValueTask)
   at Microsoft.AspNetCore.Mvc.Infrastructure.ControllerActionInvoker.<InvokeNextActionFilterAsync>g__Awaited|10_0(ControllerActionInvoker invoker, Task lastTask, State next, Scope scope, Object state, Boolean isCompleted)
   at Microsoft.AspNetCore.Mvc.Infrastructure.ControllerActionInvoker.Rethrow(ActionExecutedContextSealed context)
   at Microsoft.AspNetCore.Mvc.Infrastructure.ControllerActionInvoker.Next(State& next, Scope& scope, Object& state, Boolean& isCompleted)
   at Microsoft.AspNetCore.Mvc.Infrastructure.ControllerActionInvoker.InvokeInnerFilterAsync()
--- End of stack trace from previous location where exception was thrown ---
   at Microsoft.AspNetCore.Mvc.Infrastructure.ResourceInvoker.<InvokeNextExceptionFilterAsync>g__Awaited|25_0(ResourceInvoker invoker, Task lastTask, State next, Scope scope, Object state, Boolean isCompleted) 
2022-04-03 16:22:18.4755|Sys.Common.NLogHelp|ERROR|
【异常信息】：Access to the path 'E:\System_Uploads\Files\测试' is denied. 
【异常类型】：UnauthorizedAccessException 
【堆栈调用】：
   at System.IO.FileStream.ValidateFileHandle(SafeFileHandle fileHandle)
   at System.IO.FileStream.CreateFileOpenHandle(FileMode mode, FileShare share, FileOptions options)
   at System.IO.FileStream..ctor(String path, FileMode mode, FileAccess access, FileShare share, Int32 bufferSize, FileOptions options)
   at System.IO.FileStream..ctor(String path, FileMode mode, FileAccess access, FileShare share, Int32 bufferSize)
   at System.IO.File.Create(String path)
   at Sys.CoreApi.Controllers.FileUpLoadController.Upload(IFormFile file, String user) in E:\设计\Sys.CoreApi\Controllers\FileUpLoadController.cs:line 49
   at lambda_method(Closure , Object )
   at Microsoft.Extensions.Internal.ObjectMethodExecutorAwaitable.Awaiter.GetResult()
   at Microsoft.AspNetCore.Mvc.Infrastructure.ActionMethodExecutor.TaskOfActionResultExecutor.Execute(IActionResultTypeMapper mapper, ObjectMethodExecutor executor, Object controller, Object[] arguments)
   at Microsoft.AspNetCore.Mvc.Infrastructure.ControllerActionInvoker.<InvokeActionMethodAsync>g__Awaited|12_0(ControllerActionInvoker invoker, ValueTask`1 actionResultValueTask)
   at Microsoft.AspNetCore.Mvc.Infrastructure.ControllerActionInvoker.<InvokeNextActionFilterAsync>g__Awaited|10_0(ControllerActionInvoker invoker, Task lastTask, State next, Scope scope, Object state, Boolean isCompleted)
   at Microsoft.AspNetCore.Mvc.Infrastructure.ControllerActionInvoker.Rethrow(ActionExecutedContextSealed context)
   at Microsoft.AspNetCore.Mvc.Infrastructure.ControllerActionInvoker.Next(State& next, Scope& scope, Object& state, Boolean& isCompleted)
   at Microsoft.AspNetCore.Mvc.Infrastructure.ControllerActionInvoker.InvokeInnerFilterAsync()
--- End of stack trace from previous location where exception was thrown ---
   at Microsoft.AspNetCore.Mvc.Infrastructure.ResourceInvoker.<InvokeNextExceptionFilterAsync>g__Awaited|25_0(ResourceInvoker invoker, Task lastTask, State next, Scope scope, Object state, Boolean isCompleted) 
2022-04-03 16:23:08.0795|Sys.Common.NLogHelp|ERROR|
【异常信息】：Access to the path 'E:\System_Uploads\Files\测试' is denied. 
【异常类型】：UnauthorizedAccessException 
【堆栈调用】：
   at System.IO.FileStream.ValidateFileHandle(SafeFileHandle fileHandle)
   at System.IO.FileStream.CreateFileOpenHandle(FileMode mode, FileShare share, FileOptions options)
   at System.IO.FileStream..ctor(String path, FileMode mode, FileAccess access, FileShare share, Int32 bufferSize, FileOptions options)
   at System.IO.FileStream..ctor(String path, FileMode mode, FileAccess access, FileShare share, Int32 bufferSize)
   at System.IO.File.Create(String path)
   at Sys.CoreApi.Controllers.FileUpLoadController.Upload(IFormFile file, String user) in E:\设计\Sys.CoreApi\Controllers\FileUpLoadController.cs:line 49
   at lambda_method(Closure , Object )
   at Microsoft.Extensions.Internal.ObjectMethodExecutorAwaitable.Awaiter.GetResult()
   at Microsoft.AspNetCore.Mvc.Infrastructure.ActionMethodExecutor.TaskOfActionResultExecutor.Execute(IActionResultTypeMapper mapper, ObjectMethodExecutor executor, Object controller, Object[] arguments)
   at Microsoft.AspNetCore.Mvc.Infrastructure.ControllerActionInvoker.<InvokeActionMethodAsync>g__Awaited|12_0(ControllerActionInvoker invoker, ValueTask`1 actionResultValueTask)
   at Microsoft.AspNetCore.Mvc.Infrastructure.ControllerActionInvoker.<InvokeNextActionFilterAsync>g__Awaited|10_0(ControllerActionInvoker invoker, Task lastTask, State next, Scope scope, Object state, Boolean isCompleted)
   at Microsoft.AspNetCore.Mvc.Infrastructure.ControllerActionInvoker.Rethrow(ActionExecutedContextSealed context)
   at Microsoft.AspNetCore.Mvc.Infrastructure.ControllerActionInvoker.Next(State& next, Scope& scope, Object& state, Boolean& isCompleted)
   at Microsoft.AspNetCore.Mvc.Infrastructure.ControllerActionInvoker.InvokeInnerFilterAsync()
--- End of stack trace from previous location where exception was thrown ---
   at Microsoft.AspNetCore.Mvc.Infrastructure.ResourceInvoker.<InvokeNextExceptionFilterAsync>g__Awaited|25_0(ResourceInvoker invoker, Task lastTask, State next, Scope scope, Object state, Boolean isCompleted) 
2022-04-03 16:30:22.7464|Sys.Common.NLogHelp|ERROR|
【异常信息】：Access to the path 'E:\System_Uploads\Files\admin' is denied. 
【异常类型】：UnauthorizedAccessException 
【堆栈调用】：
   at System.IO.FileStream.ValidateFileHandle(SafeFileHandle fileHandle)
   at System.IO.FileStream.CreateFileOpenHandle(FileMode mode, FileShare share, FileOptions options)
   at System.IO.FileStream..ctor(String path, FileMode mode, FileAccess access, FileShare share, Int32 bufferSize, FileOptions options)
   at System.IO.FileStream..ctor(String path, FileMode mode, FileAccess access, FileShare share, Int32 bufferSize)
   at System.IO.File.Create(String path)
   at Sys.CoreApi.Controllers.FileUpLoadController.Upload(IFormFile file, String user) in E:\设计\Sys.CoreApi\Controllers\FileUpLoadController.cs:line 52
   at lambda_method(Closure , Object )
   at Microsoft.Extensions.Internal.ObjectMethodExecutorAwaitable.Awaiter.GetResult()
   at Microsoft.AspNetCore.Mvc.Infrastructure.ActionMethodExecutor.TaskOfActionResultExecutor.Execute(IActionResultTypeMapper mapper, ObjectMethodExecutor executor, Object controller, Object[] arguments)
   at Microsoft.AspNetCore.Mvc.Infrastructure.ControllerActionInvoker.<InvokeActionMethodAsync>g__Awaited|12_0(ControllerActionInvoker invoker, ValueTask`1 actionResultValueTask)
   at Microsoft.AspNetCore.Mvc.Infrastructure.ControllerActionInvoker.<InvokeNextActionFilterAsync>g__Awaited|10_0(ControllerActionInvoker invoker, Task lastTask, State next, Scope scope, Object state, Boolean isCompleted)
   at Microsoft.AspNetCore.Mvc.Infrastructure.ControllerActionInvoker.Rethrow(ActionExecutedContextSealed context)
   at Microsoft.AspNetCore.Mvc.Infrastructure.ControllerActionInvoker.Next(State& next, Scope& scope, Object& state, Boolean& isCompleted)
   at Microsoft.AspNetCore.Mvc.Infrastructure.ControllerActionInvoker.InvokeInnerFilterAsync()
--- End of stack trace from previous location where exception was thrown ---
   at Microsoft.AspNetCore.Mvc.Infrastructure.ResourceInvoker.<InvokeNextExceptionFilterAsync>g__Awaited|25_0(ResourceInvoker invoker, Task lastTask, State next, Scope scope, Object state, Boolean isCompleted) 
2022-04-03 22:41:14.9998|Sys.Common.NLogHelp|ERROR|
【异常信息】：The process cannot access the file 'E:\System_Uploads\需求设计-计应（191）张俊.docx' because it is being used by another process. 
【异常类型】：IOException 
【堆栈调用】：
   at System.IO.FileSystem.DeleteFile(String fullPath)
   at System.IO.File.Delete(String path)
   at Sys.Service.SendEmailService.<>c.<SendEmailAsync>b__0_0(String path) in E:\设计\Sys.Service\SendEmailService.cs:line 68
   at System.Collections.Generic.List`1.ForEach(Action`1 action)
   at Sys.Service.SendEmailService.SendEmailAsync(SendEmail sm) in E:\设计\Sys.Service\SendEmailService.cs:line 68
   at Sys.CoreApi.Controllers.SendEmailController.Send(SendEmail sm) in E:\设计\Sys.CoreApi\Controllers\SendEmailController.cs:line 26
   at lambda_method(Closure , Object )
   at Microsoft.Extensions.Internal.ObjectMethodExecutorAwaitable.Awaiter.GetResult()
   at Microsoft.AspNetCore.Mvc.Infrastructure.ActionMethodExecutor.TaskOfActionResultExecutor.Execute(IActionResultTypeMapper mapper, ObjectMethodExecutor executor, Object controller, Object[] arguments)
   at Microsoft.AspNetCore.Mvc.Infrastructure.ControllerActionInvoker.<InvokeActionMethodAsync>g__Awaited|12_0(ControllerActionInvoker invoker, ValueTask`1 actionResultValueTask)
   at Microsoft.AspNetCore.Mvc.Infrastructure.ControllerActionInvoker.<InvokeNextActionFilterAsync>g__Awaited|10_0(ControllerActionInvoker invoker, Task lastTask, State next, Scope scope, Object state, Boolean isCompleted)
   at Microsoft.AspNetCore.Mvc.Infrastructure.ControllerActionInvoker.Rethrow(ActionExecutedContextSealed context)
   at Microsoft.AspNetCore.Mvc.Infrastructure.ControllerActionInvoker.Next(State& next, Scope& scope, Object& state, Boolean& isCompleted)
   at Microsoft.AspNetCore.Mvc.Infrastructure.ControllerActionInvoker.<InvokeInnerFilterAsync>g__Awaited|13_0(ControllerActionInvoker invoker, Task lastTask, State next, Scope scope, Object state, Boolean isCompleted)
   at Microsoft.AspNetCore.Mvc.Infrastructure.ResourceInvoker.<InvokeNextExceptionFilterAsync>g__Awaited|25_0(ResourceInvoker invoker, Task lastTask, State next, Scope scope, Object state, Boolean isCompleted) 
2022-04-03 22:46:53.2552|Sys.Common.NLogHelp|ERROR|
【异常信息】：The process cannot access the file 'E:\System_Uploads\需求设计-计应（191）张俊.docx' because it is being used by another process. 
【异常类型】：IOException 
【堆栈调用】：
   at System.IO.FileSystem.DeleteFile(String fullPath)
   at System.IO.File.Delete(String path)
   at Sys.Service.SendEmailService.<>c.<SendEmailAsync>b__0_0(String path) in E:\设计\Sys.Service\SendEmailService.cs:line 69
   at System.Collections.Generic.List`1.ForEach(Action`1 action)
   at Sys.Service.SendEmailService.SendEmailAsync(SendEmail sm) in E:\设计\Sys.Service\SendEmailService.cs:line 69
   at Sys.CoreApi.Controllers.SendEmailController.Send(SendEmail sm) in E:\设计\Sys.CoreApi\Controllers\SendEmailController.cs:line 26
   at lambda_method(Closure , Object )
   at Microsoft.Extensions.Internal.ObjectMethodExecutorAwaitable.Awaiter.GetResult()
   at Microsoft.AspNetCore.Mvc.Infrastructure.ActionMethodExecutor.TaskOfActionResultExecutor.Execute(IActionResultTypeMapper mapper, ObjectMethodExecutor executor, Object controller, Object[] arguments)
   at Microsoft.AspNetCore.Mvc.Infrastructure.ControllerActionInvoker.<InvokeActionMethodAsync>g__Awaited|12_0(ControllerActionInvoker invoker, ValueTask`1 actionResultValueTask)
   at Microsoft.AspNetCore.Mvc.Infrastructure.ControllerActionInvoker.<InvokeNextActionFilterAsync>g__Awaited|10_0(ControllerActionInvoker invoker, Task lastTask, State next, Scope scope, Object state, Boolean isCompleted)
   at Microsoft.AspNetCore.Mvc.Infrastructure.ControllerActionInvoker.Rethrow(ActionExecutedContextSealed context)
   at Microsoft.AspNetCore.Mvc.Infrastructure.ControllerActionInvoker.Next(State& next, Scope& scope, Object& state, Boolean& isCompleted)
   at Microsoft.AspNetCore.Mvc.Infrastructure.ControllerActionInvoker.<InvokeInnerFilterAsync>g__Awaited|13_0(ControllerActionInvoker invoker, Task lastTask, State next, Scope scope, Object state, Boolean isCompleted)
   at Microsoft.AspNetCore.Mvc.Infrastructure.ResourceInvoker.<InvokeNextExceptionFilterAsync>g__Awaited|25_0(ResourceInvoker invoker, Task lastTask, State next, Scope scope, Object state, Boolean isCompleted) 
2022-04-03 22:49:15.2382|Sys.Common.NLogHelp|ERROR|
【异常信息】：The process cannot access the file 'E:\System_Uploads\详细设计-计应191（西）张俊.docx' because it is being used by another process. 
【异常类型】：IOException 
【堆栈调用】：
   at System.IO.FileSystem.DeleteFile(String fullPath)
   at System.IO.File.Delete(String path)
   at Sys.Service.SendEmailService.<>c.<SendEmailAsync>b__0_0(String path) in E:\设计\Sys.Service\SendEmailService.cs:line 69
   at System.Collections.Generic.List`1.ForEach(Action`1 action)
   at Sys.Service.SendEmailService.SendEmailAsync(SendEmail sm) in E:\设计\Sys.Service\SendEmailService.cs:line 69
   at Sys.CoreApi.Controllers.SendEmailController.Send(SendEmail sm) in E:\设计\Sys.CoreApi\Controllers\SendEmailController.cs:line 26
   at lambda_method(Closure , Object )
   at Microsoft.Extensions.Internal.ObjectMethodExecutorAwaitable.Awaiter.GetResult()
   at Microsoft.AspNetCore.Mvc.Infrastructure.ActionMethodExecutor.TaskOfActionResultExecutor.Execute(IActionResultTypeMapper mapper, ObjectMethodExecutor executor, Object controller, Object[] arguments)
   at Microsoft.AspNetCore.Mvc.Infrastructure.ControllerActionInvoker.<InvokeActionMethodAsync>g__Awaited|12_0(ControllerActionInvoker invoker, ValueTask`1 actionResultValueTask)
   at Microsoft.AspNetCore.Mvc.Infrastructure.ControllerActionInvoker.<InvokeNextActionFilterAsync>g__Awaited|10_0(ControllerActionInvoker invoker, Task lastTask, State next, Scope scope, Object state, Boolean isCompleted)
   at Microsoft.AspNetCore.Mvc.Infrastructure.ControllerActionInvoker.Rethrow(ActionExecutedContextSealed context)
   at Microsoft.AspNetCore.Mvc.Infrastructure.ControllerActionInvoker.Next(State& next, Scope& scope, Object& state, Boolean& isCompleted)
   at Microsoft.AspNetCore.Mvc.Infrastructure.ControllerActionInvoker.<InvokeInnerFilterAsync>g__Awaited|13_0(ControllerActionInvoker invoker, Task lastTask, State next, Scope scope, Object state, Boolean isCompleted)
   at Microsoft.AspNetCore.Mvc.Infrastructure.ResourceInvoker.<InvokeNextExceptionFilterAsync>g__Awaited|25_0(ResourceInvoker invoker, Task lastTask, State next, Scope scope, Object state, Boolean isCompleted) 
2022-04-03 22:50:51.6940|Sys.Common.NLogHelp|ERROR|
【异常信息】：The process cannot access the file 'E:\System_Uploads\开题文档—计应191(西)张俊.docx' because it is being used by another process. 
【异常类型】：IOException 
【堆栈调用】：
   at System.IO.FileSystem.DeleteFile(String fullPath)
   at System.IO.File.Delete(String path)
   at Sys.Service.SendEmailService.SendEmailAsync(SendEmail sm) in E:\设计\Sys.Service\SendEmailService.cs:line 49
   at Sys.CoreApi.Controllers.SendEmailController.Send(SendEmail sm) in E:\设计\Sys.CoreApi\Controllers\SendEmailController.cs:line 26
   at lambda_method(Closure , Object )
   at Microsoft.Extensions.Internal.ObjectMethodExecutorAwaitable.Awaiter.GetResult()
   at Microsoft.AspNetCore.Mvc.Infrastructure.ActionMethodExecutor.TaskOfActionResultExecutor.Execute(IActionResultTypeMapper mapper, ObjectMethodExecutor executor, Object controller, Object[] arguments)
   at Microsoft.AspNetCore.Mvc.Infrastructure.ControllerActionInvoker.<InvokeActionMethodAsync>g__Awaited|12_0(ControllerActionInvoker invoker, ValueTask`1 actionResultValueTask)
   at Microsoft.AspNetCore.Mvc.Infrastructure.ControllerActionInvoker.<InvokeNextActionFilterAsync>g__Awaited|10_0(ControllerActionInvoker invoker, Task lastTask, State next, Scope scope, Object state, Boolean isCompleted)
   at Microsoft.AspNetCore.Mvc.Infrastructure.ControllerActionInvoker.Rethrow(ActionExecutedContextSealed context)
   at Microsoft.AspNetCore.Mvc.Infrastructure.ControllerActionInvoker.Next(State& next, Scope& scope, Object& state, Boolean& isCompleted)
   at Microsoft.AspNetCore.Mvc.Infrastructure.ControllerActionInvoker.InvokeInnerFilterAsync()
--- End of stack trace from previous location where exception was thrown ---
   at Microsoft.AspNetCore.Mvc.Infrastructure.ResourceInvoker.<InvokeNextExceptionFilterAsync>g__Awaited|25_0(ResourceInvoker invoker, Task lastTask, State next, Scope scope, Object state, Boolean isCompleted) 
2022-04-03 22:53:49.4137|Sys.Common.NLogHelp|ERROR|
【异常信息】：Cannot access a closed file. 
【异常类型】：ObjectDisposedException 
【堆栈调用】：
   at System.IO.FileStream.Seek(Int64 offset, SeekOrigin origin)
   at MimeKit.MimeContent.WriteToAsync(Stream stream, CancellationToken cancellationToken)
   at MimeKit.MimeContent.DecodeToAsync(Stream stream, CancellationToken cancellationToken)
   at MimeKit.MimePart.WriteToAsync(FormatOptions options, Stream stream, Boolean contentOnly, CancellationToken cancellationToken)
   at MimeKit.Multipart.WriteToAsync(FormatOptions options, Stream stream, Boolean contentOnly, CancellationToken cancellationToken)
   at MimeKit.MimeMessage.WriteToAsync(FormatOptions options, Stream stream, Boolean headersOnly, CancellationToken cancellationToken)
   at MailKit.Net.Smtp.SmtpClient.DataAsync(FormatOptions options, MimeMessage message, Int64 size, Boolean doAsync, CancellationToken cancellationToken, ITransferProgress progress)
   at MailKit.Net.Smtp.SmtpClient.SendAsync(FormatOptions options, MimeMessage message, MailboxAddress sender, IList`1 recipients, Boolean doAsync, CancellationToken cancellationToken, ITransferProgress progress)
   at Sys.Service.SendEmailService.SendEmailAsync(SendEmail sm) in E:\设计\Sys.Service\SendEmailService.cs:line 68
   at Sys.CoreApi.Controllers.SendEmailController.Send(SendEmail sm) in E:\设计\Sys.CoreApi\Controllers\SendEmailController.cs:line 26
   at lambda_method(Closure , Object )
   at Microsoft.Extensions.Internal.ObjectMethodExecutorAwaitable.Awaiter.GetResult()
   at Microsoft.AspNetCore.Mvc.Infrastructure.ActionMethodExecutor.TaskOfActionResultExecutor.Execute(IActionResultTypeMapper mapper, ObjectMethodExecutor executor, Object controller, Object[] arguments)
   at Microsoft.AspNetCore.Mvc.Infrastructure.ControllerActionInvoker.<InvokeActionMethodAsync>g__Awaited|12_0(ControllerActionInvoker invoker, ValueTask`1 actionResultValueTask)
   at Microsoft.AspNetCore.Mvc.Infrastructure.ControllerActionInvoker.<InvokeNextActionFilterAsync>g__Awaited|10_0(ControllerActionInvoker invoker, Task lastTask, State next, Scope scope, Object state, Boolean isCompleted)
   at Microsoft.AspNetCore.Mvc.Infrastructure.ControllerActionInvoker.Rethrow(ActionExecutedContextSealed context)
   at Microsoft.AspNetCore.Mvc.Infrastructure.ControllerActionInvoker.Next(State& next, Scope& scope, Object& state, Boolean& isCompleted)
   at Microsoft.AspNetCore.Mvc.Infrastructure.ControllerActionInvoker.<InvokeInnerFilterAsync>g__Awaited|13_0(ControllerActionInvoker invoker, Task lastTask, State next, Scope scope, Object state, Boolean isCompleted)
   at Microsoft.AspNetCore.Mvc.Infrastructure.ResourceInvoker.<InvokeNextExceptionFilterAsync>g__Awaited|25_0(ResourceInvoker invoker, Task lastTask, State next, Scope scope, Object state, Boolean isCompleted) 
2022-04-03 22:55:23.8378|Sys.Common.NLogHelp|ERROR|
【异常信息】：The process cannot access the file 'E:\System_Uploads\项目开发计划书-计应191（西）张俊.doc' because it is being used by another process. 
【异常类型】：IOException 
【堆栈调用】：
   at System.IO.FileSystem.DeleteFile(String fullPath)
   at System.IO.File.Delete(String path)
   at Sys.Service.SendEmailService.SendEmailAsync(SendEmail sm) in E:\设计\Sys.Service\SendEmailService.cs:line 50
   at Sys.CoreApi.Controllers.SendEmailController.Send(SendEmail sm) in E:\设计\Sys.CoreApi\Controllers\SendEmailController.cs:line 26
   at lambda_method(Closure , Object )
   at Microsoft.Extensions.Internal.ObjectMethodExecutorAwaitable.Awaiter.GetResult()
   at Microsoft.AspNetCore.Mvc.Infrastructure.ActionMethodExecutor.TaskOfActionResultExecutor.Execute(IActionResultTypeMapper mapper, ObjectMethodExecutor executor, Object controller, Object[] arguments)
   at Microsoft.AspNetCore.Mvc.Infrastructure.ControllerActionInvoker.<InvokeActionMethodAsync>g__Awaited|12_0(ControllerActionInvoker invoker, ValueTask`1 actionResultValueTask)
   at Microsoft.AspNetCore.Mvc.Infrastructure.ControllerActionInvoker.<InvokeNextActionFilterAsync>g__Awaited|10_0(ControllerActionInvoker invoker, Task lastTask, State next, Scope scope, Object state, Boolean isCompleted)
   at Microsoft.AspNetCore.Mvc.Infrastructure.ControllerActionInvoker.Rethrow(ActionExecutedContextSealed context)
   at Microsoft.AspNetCore.Mvc.Infrastructure.ControllerActionInvoker.Next(State& next, Scope& scope, Object& state, Boolean& isCompleted)
   at Microsoft.AspNetCore.Mvc.Infrastructure.ControllerActionInvoker.InvokeInnerFilterAsync()
--- End of stack trace from previous location where exception was thrown ---
   at Microsoft.AspNetCore.Mvc.Infrastructure.ResourceInvoker.<InvokeNextExceptionFilterAsync>g__Awaited|25_0(ResourceInvoker invoker, Task lastTask, State next, Scope scope, Object state, Boolean isCompleted) 
2022-04-03 23:10:42.2775|Sys.Common.NLogHelp|ERROR|
【异常信息】：The process cannot access the file 'E:\System_Uploads\概要设计-计-计应191（西）张俊.docx.docx' because it is being used by another process. 
【异常类型】：IOException 
【堆栈调用】：
   at System.IO.FileSystem.DeleteFile(String fullPath)
   at System.IO.FileInfo.Delete()
   at Sys.Service.SendEmailService.SendEmailAsync(SendEmail sm) in E:\设计\Sys.Service\SendEmailService.cs:line 50
   at Sys.CoreApi.Controllers.SendEmailController.Send(SendEmail sm) in E:\设计\Sys.CoreApi\Controllers\SendEmailController.cs:line 26
   at lambda_method(Closure , Object )
   at Microsoft.Extensions.Internal.ObjectMethodExecutorAwaitable.Awaiter.GetResult()
   at Microsoft.AspNetCore.Mvc.Infrastructure.ActionMethodExecutor.TaskOfActionResultExecutor.Execute(IActionResultTypeMapper mapper, ObjectMethodExecutor executor, Object controller, Object[] arguments)
   at Microsoft.AspNetCore.Mvc.Infrastructure.ControllerActionInvoker.<InvokeActionMethodAsync>g__Awaited|12_0(ControllerActionInvoker invoker, ValueTask`1 actionResultValueTask)
   at Microsoft.AspNetCore.Mvc.Infrastructure.ControllerActionInvoker.<InvokeNextActionFilterAsync>g__Awaited|10_0(ControllerActionInvoker invoker, Task lastTask, State next, Scope scope, Object state, Boolean isCompleted)
   at Microsoft.AspNetCore.Mvc.Infrastructure.ControllerActionInvoker.Rethrow(ActionExecutedContextSealed context)
   at Microsoft.AspNetCore.Mvc.Infrastructure.ControllerActionInvoker.Next(State& next, Scope& scope, Object& state, Boolean& isCompleted)
   at Microsoft.AspNetCore.Mvc.Infrastructure.ControllerActionInvoker.InvokeInnerFilterAsync()
--- End of stack trace from previous location where exception was thrown ---
   at Microsoft.AspNetCore.Mvc.Infrastructure.ResourceInvoker.<InvokeNextExceptionFilterAsync>g__Awaited|25_0(ResourceInvoker invoker, Task lastTask, State next, Scope scope, Object state, Boolean isCompleted) 
2022-04-03 23:14:16.0531|Sys.Common.NLogHelp|ERROR|
【异常信息】：Cannot access a closed file. 
【异常类型】：ObjectDisposedException 
【堆栈调用】：
   at System.IO.FileStream.Seek(Int64 offset, SeekOrigin origin)
   at MimeKit.MimeContent.WriteToAsync(Stream stream, CancellationToken cancellationToken)
   at MimeKit.MimeContent.DecodeToAsync(Stream stream, CancellationToken cancellationToken)
   at MimeKit.MimePart.WriteToAsync(FormatOptions options, Stream stream, Boolean contentOnly, CancellationToken cancellationToken)
   at MimeKit.Multipart.WriteToAsync(FormatOptions options, Stream stream, Boolean contentOnly, CancellationToken cancellationToken)
   at MimeKit.MimeMessage.WriteToAsync(FormatOptions options, Stream stream, Boolean headersOnly, CancellationToken cancellationToken)
   at MailKit.Net.Smtp.SmtpClient.DataAsync(FormatOptions options, MimeMessage message, Int64 size, Boolean doAsync, CancellationToken cancellationToken, ITransferProgress progress)
   at MailKit.Net.Smtp.SmtpClient.SendAsync(FormatOptions options, MimeMessage message, MailboxAddress sender, IList`1 recipients, Boolean doAsync, CancellationToken cancellationToken, ITransferProgress progress)
   at Sys.Service.SendEmailService.SendEmailAsync(SendEmail sm) in E:\设计\Sys.Service\SendEmailService.cs:line 68
   at Sys.CoreApi.Controllers.SendEmailController.Send(SendEmail sm) in E:\设计\Sys.CoreApi\Controllers\SendEmailController.cs:line 26
   at lambda_method(Closure , Object )
   at Microsoft.Extensions.Internal.ObjectMethodExecutorAwaitable.Awaiter.GetResult()
   at Microsoft.AspNetCore.Mvc.Infrastructure.ActionMethodExecutor.TaskOfActionResultExecutor.Execute(IActionResultTypeMapper mapper, ObjectMethodExecutor executor, Object controller, Object[] arguments)
   at Microsoft.AspNetCore.Mvc.Infrastructure.ControllerActionInvoker.<InvokeActionMethodAsync>g__Awaited|12_0(ControllerActionInvoker invoker, ValueTask`1 actionResultValueTask)
   at Microsoft.AspNetCore.Mvc.Infrastructure.ControllerActionInvoker.<InvokeNextActionFilterAsync>g__Awaited|10_0(ControllerActionInvoker invoker, Task lastTask, State next, Scope scope, Object state, Boolean isCompleted)
   at Microsoft.AspNetCore.Mvc.Infrastructure.ControllerActionInvoker.Rethrow(ActionExecutedContextSealed context)
   at Microsoft.AspNetCore.Mvc.Infrastructure.ControllerActionInvoker.Next(State& next, Scope& scope, Object& state, Boolean& isCompleted)
   at Microsoft.AspNetCore.Mvc.Infrastructure.ControllerActionInvoker.<InvokeInnerFilterAsync>g__Awaited|13_0(ControllerActionInvoker invoker, Task lastTask, State next, Scope scope, Object state, Boolean isCompleted)
   at Microsoft.AspNetCore.Mvc.Infrastructure.ResourceInvoker.<InvokeNextExceptionFilterAsync>g__Awaited|25_0(ResourceInvoker invoker, Task lastTask, State next, Scope scope, Object state, Boolean isCompleted) 
2022-04-03 23:17:06.1699|Sys.Common.NLogHelp|ERROR|
【异常信息】：Cannot access a closed file. 
【异常类型】：ObjectDisposedException 
【堆栈调用】：
   at System.IO.FileStream.Seek(Int64 offset, SeekOrigin origin)
   at MimeKit.MimeContent.WriteToAsync(Stream stream, CancellationToken cancellationToken)
   at MimeKit.MimeContent.DecodeToAsync(Stream stream, CancellationToken cancellationToken)
   at MimeKit.MimePart.WriteToAsync(FormatOptions options, Stream stream, Boolean contentOnly, CancellationToken cancellationToken)
   at MimeKit.Multipart.WriteToAsync(FormatOptions options, Stream stream, Boolean contentOnly, CancellationToken cancellationToken)
   at MimeKit.MimeMessage.WriteToAsync(FormatOptions options, Stream stream, Boolean headersOnly, CancellationToken cancellationToken)
   at MailKit.Net.Smtp.SmtpClient.DataAsync(FormatOptions options, MimeMessage message, Int64 size, Boolean doAsync, CancellationToken cancellationToken, ITransferProgress progress)
   at MailKit.Net.Smtp.SmtpClient.SendAsync(FormatOptions options, MimeMessage message, MailboxAddress sender, IList`1 recipients, Boolean doAsync, CancellationToken cancellationToken, ITransferProgress progress)
   at Sys.Service.SendEmailService.SendEmailAsync(SendEmail sm) in E:\设计\Sys.Service\SendEmailService.cs:line 68
   at Sys.CoreApi.Controllers.SendEmailController.Send(SendEmail sm) in E:\设计\Sys.CoreApi\Controllers\SendEmailController.cs:line 26
   at lambda_method(Closure , Object )
   at Microsoft.Extensions.Internal.ObjectMethodExecutorAwaitable.Awaiter.GetResult()
   at Microsoft.AspNetCore.Mvc.Infrastructure.ActionMethodExecutor.TaskOfActionResultExecutor.Execute(IActionResultTypeMapper mapper, ObjectMethodExecutor executor, Object controller, Object[] arguments)
   at Microsoft.AspNetCore.Mvc.Infrastructure.ControllerActionInvoker.<InvokeActionMethodAsync>g__Awaited|12_0(ControllerActionInvoker invoker, ValueTask`1 actionResultValueTask)
   at Microsoft.AspNetCore.Mvc.Infrastructure.ControllerActionInvoker.<InvokeNextActionFilterAsync>g__Awaited|10_0(ControllerActionInvoker invoker, Task lastTask, State next, Scope scope, Object state, Boolean isCompleted)
   at Microsoft.AspNetCore.Mvc.Infrastructure.ControllerActionInvoker.Rethrow(ActionExecutedContextSealed context)
   at Microsoft.AspNetCore.Mvc.Infrastructure.ControllerActionInvoker.Next(State& next, Scope& scope, Object& state, Boolean& isCompleted)
   at Microsoft.AspNetCore.Mvc.Infrastructure.ControllerActionInvoker.<InvokeInnerFilterAsync>g__Awaited|13_0(ControllerActionInvoker invoker, Task lastTask, State next, Scope scope, Object state, Boolean isCompleted)
   at Microsoft.AspNetCore.Mvc.Infrastructure.ResourceInvoker.<InvokeNextExceptionFilterAsync>g__Awaited|25_0(ResourceInvoker invoker, Task lastTask, State next, Scope scope, Object state, Boolean isCompleted) 
2022-04-03 23:19:10.8579|Sys.Common.NLogHelp|ERROR|
【异常信息】：Cannot access a closed file. 
【异常类型】：ObjectDisposedException 
【堆栈调用】：
   at System.IO.FileStream.Seek(Int64 offset, SeekOrigin origin)
   at MimeKit.MimeContent.WriteToAsync(Stream stream, CancellationToken cancellationToken)
   at MimeKit.MimeContent.DecodeToAsync(Stream stream, CancellationToken cancellationToken)
   at MimeKit.MimePart.WriteToAsync(FormatOptions options, Stream stream, Boolean contentOnly, CancellationToken cancellationToken)
   at MimeKit.Multipart.WriteToAsync(FormatOptions options, Stream stream, Boolean contentOnly, CancellationToken cancellationToken)
   at MimeKit.MimeMessage.WriteToAsync(FormatOptions options, Stream stream, Boolean headersOnly, CancellationToken cancellationToken)
   at MailKit.Net.Smtp.SmtpClient.DataAsync(FormatOptions options, MimeMessage message, Int64 size, Boolean doAsync, CancellationToken cancellationToken, ITransferProgress progress)
   at MailKit.Net.Smtp.SmtpClient.SendAsync(FormatOptions options, MimeMessage message, MailboxAddress sender, IList`1 recipients, Boolean doAsync, CancellationToken cancellationToken, ITransferProgress progress)
   at Sys.Service.SendEmailService.SendEmailAsync(SendEmail sm) in E:\设计\Sys.Service\SendEmailService.cs:line 69
   at Sys.CoreApi.Controllers.SendEmailController.Send(SendEmail sm) in E:\设计\Sys.CoreApi\Controllers\SendEmailController.cs:line 26
   at lambda_method(Closure , Object )
   at Microsoft.Extensions.Internal.ObjectMethodExecutorAwaitable.Awaiter.GetResult()
   at Microsoft.AspNetCore.Mvc.Infrastructure.ActionMethodExecutor.TaskOfActionResultExecutor.Execute(IActionResultTypeMapper mapper, ObjectMethodExecutor executor, Object controller, Object[] arguments)
   at Microsoft.AspNetCore.Mvc.Infrastructure.ControllerActionInvoker.<InvokeActionMethodAsync>g__Awaited|12_0(ControllerActionInvoker invoker, ValueTask`1 actionResultValueTask)
   at Microsoft.AspNetCore.Mvc.Infrastructure.ControllerActionInvoker.<InvokeNextActionFilterAsync>g__Awaited|10_0(ControllerActionInvoker invoker, Task lastTask, State next, Scope scope, Object state, Boolean isCompleted)
   at Microsoft.AspNetCore.Mvc.Infrastructure.ControllerActionInvoker.Rethrow(ActionExecutedContextSealed context)
   at Microsoft.AspNetCore.Mvc.Infrastructure.ControllerActionInvoker.Next(State& next, Scope& scope, Object& state, Boolean& isCompleted)
   at Microsoft.AspNetCore.Mvc.Infrastructure.ControllerActionInvoker.<InvokeInnerFilterAsync>g__Awaited|13_0(ControllerActionInvoker invoker, Task lastTask, State next, Scope scope, Object state, Boolean isCompleted)
   at Microsoft.AspNetCore.Mvc.Infrastructure.ResourceInvoker.<InvokeNextExceptionFilterAsync>g__Awaited|25_0(ResourceInvoker invoker, Task lastTask, State next, Scope scope, Object state, Boolean isCompleted) 
2022-04-03 23:20:18.5040|Sys.Common.NLogHelp|ERROR|
【异常信息】：Cannot access a closed file. 
【异常类型】：ObjectDisposedException 
【堆栈调用】：
   at System.IO.FileStream.Seek(Int64 offset, SeekOrigin origin)
   at MimeKit.MimeContent.WriteToAsync(Stream stream, CancellationToken cancellationToken)
   at MimeKit.MimeContent.DecodeToAsync(Stream stream, CancellationToken cancellationToken)
   at MimeKit.MimePart.WriteToAsync(FormatOptions options, Stream stream, Boolean contentOnly, CancellationToken cancellationToken)
   at MimeKit.Multipart.WriteToAsync(FormatOptions options, Stream stream, Boolean contentOnly, CancellationToken cancellationToken)
   at MimeKit.MimeMessage.WriteToAsync(FormatOptions options, Stream stream, Boolean headersOnly, CancellationToken cancellationToken)
   at MailKit.Net.Smtp.SmtpClient.DataAsync(FormatOptions options, MimeMessage message, Int64 size, Boolean doAsync, CancellationToken cancellationToken, ITransferProgress progress)
   at MailKit.Net.Smtp.SmtpClient.SendAsync(FormatOptions options, MimeMessage message, MailboxAddress sender, IList`1 recipients, Boolean doAsync, CancellationToken cancellationToken, ITransferProgress progress)
   at Sys.Service.SendEmailService.SendEmailAsync(SendEmail sm) in E:\设计\Sys.Service\SendEmailService.cs:line 68
   at Sys.CoreApi.Controllers.SendEmailController.Send(SendEmail sm) in E:\设计\Sys.CoreApi\Controllers\SendEmailController.cs:line 26
   at lambda_method(Closure , Object )
   at Microsoft.Extensions.Internal.ObjectMethodExecutorAwaitable.Awaiter.GetResult()
   at Microsoft.AspNetCore.Mvc.Infrastructure.ActionMethodExecutor.TaskOfActionResultExecutor.Execute(IActionResultTypeMapper mapper, ObjectMethodExecutor executor, Object controller, Object[] arguments)
   at Microsoft.AspNetCore.Mvc.Infrastructure.ControllerActionInvoker.<InvokeActionMethodAsync>g__Awaited|12_0(ControllerActionInvoker invoker, ValueTask`1 actionResultValueTask)
   at Microsoft.AspNetCore.Mvc.Infrastructure.ControllerActionInvoker.<InvokeNextActionFilterAsync>g__Awaited|10_0(ControllerActionInvoker invoker, Task lastTask, State next, Scope scope, Object state, Boolean isCompleted)
   at Microsoft.AspNetCore.Mvc.Infrastructure.ControllerActionInvoker.Rethrow(ActionExecutedContextSealed context)
   at Microsoft.AspNetCore.Mvc.Infrastructure.ControllerActionInvoker.Next(State& next, Scope& scope, Object& state, Boolean& isCompleted)
   at Microsoft.AspNetCore.Mvc.Infrastructure.ControllerActionInvoker.<InvokeInnerFilterAsync>g__Awaited|13_0(ControllerActionInvoker invoker, Task lastTask, State next, Scope scope, Object state, Boolean isCompleted)
   at Microsoft.AspNetCore.Mvc.Infrastructure.ResourceInvoker.<InvokeNextExceptionFilterAsync>g__Awaited|25_0(ResourceInvoker invoker, Task lastTask, State next, Scope scope, Object state, Boolean isCompleted) 
2022-04-03 23:22:41.9201|Sys.Common.NLogHelp|ERROR|
【异常信息】：The process cannot access the file 'E:\System_Uploads\开题文档—计应191(西)张俊.docx' because it is being used by another process. 
【异常类型】：IOException 
【堆栈调用】：
   at System.IO.FileSystem.DeleteFile(String fullPath)
   at System.IO.File.Delete(String path)
   at Sys.Service.SendEmailService.SendEmailAsync(SendEmail sm) in E:\设计\Sys.Service\SendEmailService.cs:line 51
   at Sys.CoreApi.Controllers.SendEmailController.Send(SendEmail sm) in E:\设计\Sys.CoreApi\Controllers\SendEmailController.cs:line 26
   at lambda_method(Closure , Object )
   at Microsoft.Extensions.Internal.ObjectMethodExecutorAwaitable.Awaiter.GetResult()
   at Microsoft.AspNetCore.Mvc.Infrastructure.ActionMethodExecutor.TaskOfActionResultExecutor.Execute(IActionResultTypeMapper mapper, ObjectMethodExecutor executor, Object controller, Object[] arguments)
   at Microsoft.AspNetCore.Mvc.Infrastructure.ControllerActionInvoker.<InvokeActionMethodAsync>g__Awaited|12_0(ControllerActionInvoker invoker, ValueTask`1 actionResultValueTask)
   at Microsoft.AspNetCore.Mvc.Infrastructure.ControllerActionInvoker.<InvokeNextActionFilterAsync>g__Awaited|10_0(ControllerActionInvoker invoker, Task lastTask, State next, Scope scope, Object state, Boolean isCompleted)
   at Microsoft.AspNetCore.Mvc.Infrastructure.ControllerActionInvoker.Rethrow(ActionExecutedContextSealed context)
   at Microsoft.AspNetCore.Mvc.Infrastructure.ControllerActionInvoker.Next(State& next, Scope& scope, Object& state, Boolean& isCompleted)
   at Microsoft.AspNetCore.Mvc.Infrastructure.ControllerActionInvoker.InvokeInnerFilterAsync()
--- End of stack trace from previous location where exception was thrown ---
   at Microsoft.AspNetCore.Mvc.Infrastructure.ResourceInvoker.<InvokeNextExceptionFilterAsync>g__Awaited|25_0(ResourceInvoker invoker, Task lastTask, State next, Scope scope, Object state, Boolean isCompleted) 
2022-04-03 23:27:05.5802|Sys.Common.NLogHelp|ERROR|
【异常信息】：Cannot access a closed file. 
【异常类型】：ObjectDisposedException 
【堆栈调用】：
   at System.IO.FileStream.Seek(Int64 offset, SeekOrigin origin)
   at MimeKit.MimeContent.WriteToAsync(Stream stream, CancellationToken cancellationToken)
   at MimeKit.MimeContent.DecodeToAsync(Stream stream, CancellationToken cancellationToken)
   at MimeKit.MimePart.WriteToAsync(FormatOptions options, Stream stream, Boolean contentOnly, CancellationToken cancellationToken)
   at MimeKit.Multipart.WriteToAsync(FormatOptions options, Stream stream, Boolean contentOnly, CancellationToken cancellationToken)
   at MimeKit.MimeMessage.WriteToAsync(FormatOptions options, Stream stream, Boolean headersOnly, CancellationToken cancellationToken)
   at MailKit.Net.Smtp.SmtpClient.DataAsync(FormatOptions options, MimeMessage message, Int64 size, Boolean doAsync, CancellationToken cancellationToken, ITransferProgress progress)
   at MailKit.Net.Smtp.SmtpClient.SendAsync(FormatOptions options, MimeMessage message, MailboxAddress sender, IList`1 recipients, Boolean doAsync, CancellationToken cancellationToken, ITransferProgress progress)
   at Sys.Service.SendEmailService.SendEmailAsync(SendEmail sm) in E:\设计\Sys.Service\SendEmailService.cs:line 70
   at Sys.CoreApi.Controllers.SendEmailController.Send(SendEmail sm) in E:\设计\Sys.CoreApi\Controllers\SendEmailController.cs:line 26
   at lambda_method(Closure , Object )
   at Microsoft.Extensions.Internal.ObjectMethodExecutorAwaitable.Awaiter.GetResult()
   at Microsoft.AspNetCore.Mvc.Infrastructure.ActionMethodExecutor.TaskOfActionResultExecutor.Execute(IActionResultTypeMapper mapper, ObjectMethodExecutor executor, Object controller, Object[] arguments)
   at Microsoft.AspNetCore.Mvc.Infrastructure.ControllerActionInvoker.<InvokeActionMethodAsync>g__Awaited|12_0(ControllerActionInvoker invoker, ValueTask`1 actionResultValueTask)
   at Microsoft.AspNetCore.Mvc.Infrastructure.ControllerActionInvoker.<InvokeNextActionFilterAsync>g__Awaited|10_0(ControllerActionInvoker invoker, Task lastTask, State next, Scope scope, Object state, Boolean isCompleted)
   at Microsoft.AspNetCore.Mvc.Infrastructure.ControllerActionInvoker.Rethrow(ActionExecutedContextSealed context)
   at Microsoft.AspNetCore.Mvc.Infrastructure.ControllerActionInvoker.Next(State& next, Scope& scope, Object& state, Boolean& isCompleted)
   at Microsoft.AspNetCore.Mvc.Infrastructure.ControllerActionInvoker.<InvokeInnerFilterAsync>g__Awaited|13_0(ControllerActionInvoker invoker, Task lastTask, State next, Scope scope, Object state, Boolean isCompleted)
   at Microsoft.AspNetCore.Mvc.Infrastructure.ResourceInvoker.<InvokeNextExceptionFilterAsync>g__Awaited|25_0(ResourceInvoker invoker, Task lastTask, State next, Scope scope, Object state, Boolean isCompleted) 
2022-04-03 23:28:55.0504|Sys.Common.NLogHelp|ERROR|
【异常信息】：Cannot access a closed file. 
【异常类型】：ObjectDisposedException 
【堆栈调用】：
   at System.IO.FileStream.Seek(Int64 offset, SeekOrigin origin)
   at MimeKit.MimeContent.WriteToAsync(Stream stream, CancellationToken cancellationToken)
   at MimeKit.MimeContent.DecodeToAsync(Stream stream, CancellationToken cancellationToken)
   at MimeKit.MimePart.WriteToAsync(FormatOptions options, Stream stream, Boolean contentOnly, CancellationToken cancellationToken)
   at MimeKit.Multipart.WriteToAsync(FormatOptions options, Stream stream, Boolean contentOnly, CancellationToken cancellationToken)
   at MimeKit.MimeMessage.WriteToAsync(FormatOptions options, Stream stream, Boolean headersOnly, CancellationToken cancellationToken)
   at MailKit.Net.Smtp.SmtpClient.DataAsync(FormatOptions options, MimeMessage message, Int64 size, Boolean doAsync, CancellationToken cancellationToken, ITransferProgress progress)
   at MailKit.Net.Smtp.SmtpClient.SendAsync(FormatOptions options, MimeMessage message, MailboxAddress sender, IList`1 recipients, Boolean doAsync, CancellationToken cancellationToken, ITransferProgress progress)
   at Sys.Service.SendEmailService.SendEmailAsync(SendEmail sm) in E:\设计\Sys.Service\SendEmailService.cs:line 70
   at Sys.CoreApi.Controllers.SendEmailController.Send(SendEmail sm) in E:\设计\Sys.CoreApi\Controllers\SendEmailController.cs:line 26
   at lambda_method(Closure , Object )
   at Microsoft.Extensions.Internal.ObjectMethodExecutorAwaitable.Awaiter.GetResult()
   at Microsoft.AspNetCore.Mvc.Infrastructure.ActionMethodExecutor.TaskOfActionResultExecutor.Execute(IActionResultTypeMapper mapper, ObjectMethodExecutor executor, Object controller, Object[] arguments)
   at Microsoft.AspNetCore.Mvc.Infrastructure.ControllerActionInvoker.<InvokeActionMethodAsync>g__Awaited|12_0(ControllerActionInvoker invoker, ValueTask`1 actionResultValueTask)
   at Microsoft.AspNetCore.Mvc.Infrastructure.ControllerActionInvoker.<InvokeNextActionFilterAsync>g__Awaited|10_0(ControllerActionInvoker invoker, Task lastTask, State next, Scope scope, Object state, Boolean isCompleted)
   at Microsoft.AspNetCore.Mvc.Infrastructure.ControllerActionInvoker.Rethrow(ActionExecutedContextSealed context)
   at Microsoft.AspNetCore.Mvc.Infrastructure.ControllerActionInvoker.Next(State& next, Scope& scope, Object& state, Boolean& isCompleted)
   at Microsoft.AspNetCore.Mvc.Infrastructure.ControllerActionInvoker.<InvokeInnerFilterAsync>g__Awaited|13_0(ControllerActionInvoker invoker, Task lastTask, State next, Scope scope, Object state, Boolean isCompleted)
   at Microsoft.AspNetCore.Mvc.Infrastructure.ResourceInvoker.<InvokeNextExceptionFilterAsync>g__Awaited|25_0(ResourceInvoker invoker, Task lastTask, State next, Scope scope, Object state, Boolean isCompleted) 
2022-04-03 23:30:42.2795|Sys.Common.NLogHelp|ERROR|
【异常信息】：Cannot access a closed file. 
【异常类型】：ObjectDisposedException 
【堆栈调用】：
   at System.IO.FileStream.Seek(Int64 offset, SeekOrigin origin)
   at MimeKit.MimeContent.WriteToAsync(Stream stream, CancellationToken cancellationToken)
   at MimeKit.MimeContent.DecodeToAsync(Stream stream, CancellationToken cancellationToken)
   at MimeKit.MimePart.WriteToAsync(FormatOptions options, Stream stream, Boolean contentOnly, CancellationToken cancellationToken)
   at MimeKit.Multipart.WriteToAsync(FormatOptions options, Stream stream, Boolean contentOnly, CancellationToken cancellationToken)
   at MimeKit.MimeMessage.WriteToAsync(FormatOptions options, Stream stream, Boolean headersOnly, CancellationToken cancellationToken)
   at MailKit.Net.Smtp.SmtpClient.DataAsync(FormatOptions options, MimeMessage message, Int64 size, Boolean doAsync, CancellationToken cancellationToken, ITransferProgress progress)
   at MailKit.Net.Smtp.SmtpClient.SendAsync(FormatOptions options, MimeMessage message, MailboxAddress sender, IList`1 recipients, Boolean doAsync, CancellationToken cancellationToken, ITransferProgress progress)
   at Sys.Service.SendEmailService.SendEmailAsync(SendEmail sm) in E:\设计\Sys.Service\SendEmailService.cs:line 69
   at Sys.CoreApi.Controllers.SendEmailController.Send(SendEmail sm) in E:\设计\Sys.CoreApi\Controllers\SendEmailController.cs:line 26
   at lambda_method(Closure , Object )
   at Microsoft.Extensions.Internal.ObjectMethodExecutorAwaitable.Awaiter.GetResult()
   at Microsoft.AspNetCore.Mvc.Infrastructure.ActionMethodExecutor.TaskOfActionResultExecutor.Execute(IActionResultTypeMapper mapper, ObjectMethodExecutor executor, Object controller, Object[] arguments)
   at Microsoft.AspNetCore.Mvc.Infrastructure.ControllerActionInvoker.<InvokeActionMethodAsync>g__Awaited|12_0(ControllerActionInvoker invoker, ValueTask`1 actionResultValueTask)
   at Microsoft.AspNetCore.Mvc.Infrastructure.ControllerActionInvoker.<InvokeNextActionFilterAsync>g__Awaited|10_0(ControllerActionInvoker invoker, Task lastTask, State next, Scope scope, Object state, Boolean isCompleted)
   at Microsoft.AspNetCore.Mvc.Infrastructure.ControllerActionInvoker.Rethrow(ActionExecutedContextSealed context)
   at Microsoft.AspNetCore.Mvc.Infrastructure.ControllerActionInvoker.Next(State& next, Scope& scope, Object& state, Boolean& isCompleted)
   at Microsoft.AspNetCore.Mvc.Infrastructure.ControllerActionInvoker.<InvokeInnerFilterAsync>g__Awaited|13_0(ControllerActionInvoker invoker, Task lastTask, State next, Scope scope, Object state, Boolean isCompleted)
   at Microsoft.AspNetCore.Mvc.Infrastructure.ResourceInvoker.<InvokeNextExceptionFilterAsync>g__Awaited|25_0(ResourceInvoker invoker, Task lastTask, State next, Scope scope, Object state, Boolean isCompleted) 
2022-04-03 23:33:30.8973|Sys.Common.NLogHelp|ERROR|
【异常信息】：Cannot access a closed file. 
【异常类型】：ObjectDisposedException 
【堆栈调用】：
   at System.IO.FileStream.Seek(Int64 offset, SeekOrigin origin)
   at MimeKit.MimeContent.WriteToAsync(Stream stream, CancellationToken cancellationToken)
   at MimeKit.MimeContent.DecodeToAsync(Stream stream, CancellationToken cancellationToken)
   at MimeKit.MimePart.WriteToAsync(FormatOptions options, Stream stream, Boolean contentOnly, CancellationToken cancellationToken)
   at MimeKit.Multipart.WriteToAsync(FormatOptions options, Stream stream, Boolean contentOnly, CancellationToken cancellationToken)
   at MimeKit.MimeMessage.WriteToAsync(FormatOptions options, Stream stream, Boolean headersOnly, CancellationToken cancellationToken)
   at MailKit.Net.Smtp.SmtpClient.DataAsync(FormatOptions options, MimeMessage message, Int64 size, Boolean doAsync, CancellationToken cancellationToken, ITransferProgress progress)
   at MailKit.Net.Smtp.SmtpClient.SendAsync(FormatOptions options, MimeMessage message, MailboxAddress sender, IList`1 recipients, Boolean doAsync, CancellationToken cancellationToken, ITransferProgress progress)
   at Sys.Service.SendEmailService.SendEmailAsync(SendEmail sm) in E:\设计\Sys.Service\SendEmailService.cs:line 69
   at Sys.CoreApi.Controllers.SendEmailController.Send(SendEmail sm) in E:\设计\Sys.CoreApi\Controllers\SendEmailController.cs:line 26
   at lambda_method(Closure , Object )
   at Microsoft.Extensions.Internal.ObjectMethodExecutorAwaitable.Awaiter.GetResult()
   at Microsoft.AspNetCore.Mvc.Infrastructure.ActionMethodExecutor.TaskOfActionResultExecutor.Execute(IActionResultTypeMapper mapper, ObjectMethodExecutor executor, Object controller, Object[] arguments)
   at Microsoft.AspNetCore.Mvc.Infrastructure.ControllerActionInvoker.<InvokeActionMethodAsync>g__Awaited|12_0(ControllerActionInvoker invoker, ValueTask`1 actionResultValueTask)
   at Microsoft.AspNetCore.Mvc.Infrastructure.ControllerActionInvoker.<InvokeNextActionFilterAsync>g__Awaited|10_0(ControllerActionInvoker invoker, Task lastTask, State next, Scope scope, Object state, Boolean isCompleted)
   at Microsoft.AspNetCore.Mvc.Infrastructure.ControllerActionInvoker.Rethrow(ActionExecutedContextSealed context)
   at Microsoft.AspNetCore.Mvc.Infrastructure.ControllerActionInvoker.Next(State& next, Scope& scope, Object& state, Boolean& isCompleted)
   at Microsoft.AspNetCore.Mvc.Infrastructure.ControllerActionInvoker.<InvokeInnerFilterAsync>g__Awaited|13_0(ControllerActionInvoker invoker, Task lastTask, State next, Scope scope, Object state, Boolean isCompleted)
   at Microsoft.AspNetCore.Mvc.Infrastructure.ResourceInvoker.<InvokeNextExceptionFilterAsync>g__Awaited|25_0(ResourceInvoker invoker, Task lastTask, State next, Scope scope, Object state, Boolean isCompleted) 
2022-04-03 23:35:19.7688|Sys.Common.NLogHelp|ERROR|
【异常信息】：The process cannot access the file 'E:\System_Uploads\开题文档—计应191(西)张俊.docx' because it is being used by another process. 
【异常类型】：IOException 
【堆栈调用】：
   at System.IO.FileSystem.DeleteFile(String fullPath)
   at System.IO.File.Delete(String path)
   at Sys.Service.SendEmailService.<>c.<SendEmailAsync>b__0_0(String path) in E:\设计\Sys.Service\SendEmailService.cs:line 69
   at System.Collections.Generic.List`1.ForEach(Action`1 action)
   at Sys.Service.SendEmailService.SendEmailAsync(SendEmail sm) in E:\设计\Sys.Service\SendEmailService.cs:line 68
   at Sys.CoreApi.Controllers.SendEmailController.Send(SendEmail sm) in E:\设计\Sys.CoreApi\Controllers\SendEmailController.cs:line 26
   at lambda_method(Closure , Object )
   at Microsoft.Extensions.Internal.ObjectMethodExecutorAwaitable.Awaiter.GetResult()
   at Microsoft.AspNetCore.Mvc.Infrastructure.ActionMethodExecutor.TaskOfActionResultExecutor.Execute(IActionResultTypeMapper mapper, ObjectMethodExecutor executor, Object controller, Object[] arguments)
   at Microsoft.AspNetCore.Mvc.Infrastructure.ControllerActionInvoker.<InvokeActionMethodAsync>g__Awaited|12_0(ControllerActionInvoker invoker, ValueTask`1 actionResultValueTask)
   at Microsoft.AspNetCore.Mvc.Infrastructure.ControllerActionInvoker.<InvokeNextActionFilterAsync>g__Awaited|10_0(ControllerActionInvoker invoker, Task lastTask, State next, Scope scope, Object state, Boolean isCompleted)
   at Microsoft.AspNetCore.Mvc.Infrastructure.ControllerActionInvoker.Rethrow(ActionExecutedContextSealed context)
   at Microsoft.AspNetCore.Mvc.Infrastructure.ControllerActionInvoker.Next(State& next, Scope& scope, Object& state, Boolean& isCompleted)
   at Microsoft.AspNetCore.Mvc.Infrastructure.ControllerActionInvoker.<InvokeInnerFilterAsync>g__Awaited|13_0(ControllerActionInvoker invoker, Task lastTask, State next, Scope scope, Object state, Boolean isCompleted)
   at Microsoft.AspNetCore.Mvc.Infrastructure.ResourceInvoker.<InvokeNextExceptionFilterAsync>g__Awaited|25_0(ResourceInvoker invoker, Task lastTask, State next, Scope scope, Object state, Boolean isCompleted) 
2022-04-03 23:37:11.6857|Sys.Common.NLogHelp|ERROR|
【异常信息】：The process cannot access the file 'E:\System_Uploads\详细设计-计应191（西）张俊.docx' because it is being used by another process. 
【异常类型】：IOException 
【堆栈调用】：
   at System.IO.FileSystem.DeleteFile(String fullPath)
   at System.IO.File.Delete(String path)
   at Sys.Service.SendEmailService.<>c.<SendEmailAsync>b__0_0(String path) in E:\设计\Sys.Service\SendEmailService.cs:line 69
   at System.Collections.Generic.List`1.ForEach(Action`1 action)
   at Sys.Service.SendEmailService.SendEmailAsync(SendEmail sm) in E:\设计\Sys.Service\SendEmailService.cs:line 68
   at Sys.CoreApi.Controllers.SendEmailController.Send(SendEmail sm) in E:\设计\Sys.CoreApi\Controllers\SendEmailController.cs:line 26
   at lambda_method(Closure , Object )
   at Microsoft.Extensions.Internal.ObjectMethodExecutorAwaitable.Awaiter.GetResult()
   at Microsoft.AspNetCore.Mvc.Infrastructure.ActionMethodExecutor.TaskOfActionResultExecutor.Execute(IActionResultTypeMapper mapper, ObjectMethodExecutor executor, Object controller, Object[] arguments)
   at Microsoft.AspNetCore.Mvc.Infrastructure.ControllerActionInvoker.<InvokeActionMethodAsync>g__Awaited|12_0(ControllerActionInvoker invoker, ValueTask`1 actionResultValueTask)
   at Microsoft.AspNetCore.Mvc.Infrastructure.ControllerActionInvoker.<InvokeNextActionFilterAsync>g__Awaited|10_0(ControllerActionInvoker invoker, Task lastTask, State next, Scope scope, Object state, Boolean isCompleted)
   at Microsoft.AspNetCore.Mvc.Infrastructure.ControllerActionInvoker.Rethrow(ActionExecutedContextSealed context)
   at Microsoft.AspNetCore.Mvc.Infrastructure.ControllerActionInvoker.Next(State& next, Scope& scope, Object& state, Boolean& isCompleted)
   at Microsoft.AspNetCore.Mvc.Infrastructure.ControllerActionInvoker.<InvokeInnerFilterAsync>g__Awaited|13_0(ControllerActionInvoker invoker, Task lastTask, State next, Scope scope, Object state, Boolean isCompleted)
   at Microsoft.AspNetCore.Mvc.Infrastructure.ResourceInvoker.<InvokeNextExceptionFilterAsync>g__Awaited|25_0(ResourceInvoker invoker, Task lastTask, State next, Scope scope, Object state, Boolean isCompleted) 
2022-04-03 23:38:07.6316|Sys.Common.NLogHelp|ERROR|
【异常信息】：The process cannot access the file 'E:\System_Uploads\开题文档—计应191(西)张俊.docx' because it is being used by another process. 
【异常类型】：IOException 
【堆栈调用】：
   at System.IO.FileSystem.DeleteFile(String fullPath)
   at System.IO.File.Delete(String path)
   at Sys.Service.SendEmailService.<>c.<SendEmailAsync>b__0_0(String path) in E:\设计\Sys.Service\SendEmailService.cs:line 69
   at System.Collections.Generic.List`1.ForEach(Action`1 action)
   at Sys.Service.SendEmailService.SendEmailAsync(SendEmail sm) in E:\设计\Sys.Service\SendEmailService.cs:line 68
   at Sys.CoreApi.Controllers.SendEmailController.Send(SendEmail sm) in E:\设计\Sys.CoreApi\Controllers\SendEmailController.cs:line 26
   at lambda_method(Closure , Object )
   at Microsoft.Extensions.Internal.ObjectMethodExecutorAwaitable.Awaiter.GetResult()
   at Microsoft.AspNetCore.Mvc.Infrastructure.ActionMethodExecutor.TaskOfActionResultExecutor.Execute(IActionResultTypeMapper mapper, ObjectMethodExecutor executor, Object controller, Object[] arguments)
   at Microsoft.AspNetCore.Mvc.Infrastructure.ControllerActionInvoker.<InvokeActionMethodAsync>g__Awaited|12_0(ControllerActionInvoker invoker, ValueTask`1 actionResultValueTask)
   at Microsoft.AspNetCore.Mvc.Infrastructure.ControllerActionInvoker.<InvokeNextActionFilterAsync>g__Awaited|10_0(ControllerActionInvoker invoker, Task lastTask, State next, Scope scope, Object state, Boolean isCompleted)
   at Microsoft.AspNetCore.Mvc.Infrastructure.ControllerActionInvoker.Rethrow(ActionExecutedContextSealed context)
   at Microsoft.AspNetCore.Mvc.Infrastructure.ControllerActionInvoker.Next(State& next, Scope& scope, Object& state, Boolean& isCompleted)
   at Microsoft.AspNetCore.Mvc.Infrastructure.ControllerActionInvoker.<InvokeInnerFilterAsync>g__Awaited|13_0(ControllerActionInvoker invoker, Task lastTask, State next, Scope scope, Object state, Boolean isCompleted)
   at Microsoft.AspNetCore.Mvc.Infrastructure.ResourceInvoker.<InvokeNextExceptionFilterAsync>g__Awaited|25_0(ResourceInvoker invoker, Task lastTask, State next, Scope scope, Object state, Boolean isCompleted) 
2022-04-03 23:41:56.7881|Sys.Common.NLogHelp|ERROR|
【异常信息】：Cannot access a closed file. 
【异常类型】：ObjectDisposedException 
【堆栈调用】：
   at System.IO.FileStream.Seek(Int64 offset, SeekOrigin origin)
   at MimeKit.MimeContent.WriteToAsync(Stream stream, CancellationToken cancellationToken)
   at MimeKit.MimeContent.DecodeToAsync(Stream stream, CancellationToken cancellationToken)
   at MimeKit.MimePart.WriteToAsync(FormatOptions options, Stream stream, Boolean contentOnly, CancellationToken cancellationToken)
   at MimeKit.Multipart.WriteToAsync(FormatOptions options, Stream stream, Boolean contentOnly, CancellationToken cancellationToken)
   at MimeKit.MimeMessage.WriteToAsync(FormatOptions options, Stream stream, Boolean headersOnly, CancellationToken cancellationToken)
   at MailKit.Net.Smtp.SmtpClient.DataAsync(FormatOptions options, MimeMessage message, Int64 size, Boolean doAsync, CancellationToken cancellationToken, ITransferProgress progress)
   at MailKit.Net.Smtp.SmtpClient.SendAsync(FormatOptions options, MimeMessage message, MailboxAddress sender, IList`1 recipients, Boolean doAsync, CancellationToken cancellationToken, ITransferProgress progress)
   at Sys.Service.SendEmailService.SendEmailAsync(SendEmail sm) in E:\设计\Sys.Service\SendEmailService.cs:line 67
   at Sys.CoreApi.Controllers.SendEmailController.Send(SendEmail sm) in E:\设计\Sys.CoreApi\Controllers\SendEmailController.cs:line 26
   at lambda_method(Closure , Object )
   at Microsoft.Extensions.Internal.ObjectMethodExecutorAwaitable.Awaiter.GetResult()
   at Microsoft.AspNetCore.Mvc.Infrastructure.ActionMethodExecutor.TaskOfActionResultExecutor.Execute(IActionResultTypeMapper mapper, ObjectMethodExecutor executor, Object controller, Object[] arguments)
   at Microsoft.AspNetCore.Mvc.Infrastructure.ControllerActionInvoker.<InvokeActionMethodAsync>g__Awaited|12_0(ControllerActionInvoker invoker, ValueTask`1 actionResultValueTask)
   at Microsoft.AspNetCore.Mvc.Infrastructure.ControllerActionInvoker.<InvokeNextActionFilterAsync>g__Awaited|10_0(ControllerActionInvoker invoker, Task lastTask, State next, Scope scope, Object state, Boolean isCompleted)
   at Microsoft.AspNetCore.Mvc.Infrastructure.ControllerActionInvoker.Rethrow(ActionExecutedContextSealed context)
   at Microsoft.AspNetCore.Mvc.Infrastructure.ControllerActionInvoker.Next(State& next, Scope& scope, Object& state, Boolean& isCompleted)
   at Microsoft.AspNetCore.Mvc.Infrastructure.ControllerActionInvoker.<InvokeInnerFilterAsync>g__Awaited|13_0(ControllerActionInvoker invoker, Task lastTask, State next, Scope scope, Object state, Boolean isCompleted)
   at Microsoft.AspNetCore.Mvc.Infrastructure.ResourceInvoker.<InvokeNextExceptionFilterAsync>g__Awaited|25_0(ResourceInvoker invoker, Task lastTask, State next, Scope scope, Object state, Boolean isCompleted) 
2022-04-03 23:46:31.2735|Sys.Common.NLogHelp|ERROR|
【异常信息】：Cannot access a closed file. 
【异常类型】：ObjectDisposedException 
【堆栈调用】：
   at System.IO.FileStream.Seek(Int64 offset, SeekOrigin origin)
   at MimeKit.MimeContent.WriteToAsync(Stream stream, CancellationToken cancellationToken)
   at MimeKit.MimeContent.DecodeToAsync(Stream stream, CancellationToken cancellationToken)
   at MimeKit.MimePart.WriteToAsync(FormatOptions options, Stream stream, Boolean contentOnly, CancellationToken cancellationToken)
   at MimeKit.Multipart.WriteToAsync(FormatOptions options, Stream stream, Boolean contentOnly, CancellationToken cancellationToken)
   at MimeKit.MimeMessage.WriteToAsync(FormatOptions options, Stream stream, Boolean headersOnly, CancellationToken cancellationToken)
   at MailKit.Net.Smtp.SmtpClient.DataAsync(FormatOptions options, MimeMessage message, Int64 size, Boolean doAsync, CancellationToken cancellationToken, ITransferProgress progress)
   at MailKit.Net.Smtp.SmtpClient.SendAsync(FormatOptions options, MimeMessage message, MailboxAddress sender, IList`1 recipients, Boolean doAsync, CancellationToken cancellationToken, ITransferProgress progress)
   at Sys.Service.SendEmailService.SendEmailAsync(SendEmail sm) in E:\设计\Sys.Service\SendEmailService.cs:line 67
   at Sys.CoreApi.Controllers.SendEmailController.Send(SendEmail sm) in E:\设计\Sys.CoreApi\Controllers\SendEmailController.cs:line 26
   at lambda_method(Closure , Object )
   at Microsoft.Extensions.Internal.ObjectMethodExecutorAwaitable.Awaiter.GetResult()
   at Microsoft.AspNetCore.Mvc.Infrastructure.ActionMethodExecutor.TaskOfActionResultExecutor.Execute(IActionResultTypeMapper mapper, ObjectMethodExecutor executor, Object controller, Object[] arguments)
   at Microsoft.AspNetCore.Mvc.Infrastructure.ControllerActionInvoker.<InvokeActionMethodAsync>g__Awaited|12_0(ControllerActionInvoker invoker, ValueTask`1 actionResultValueTask)
   at Microsoft.AspNetCore.Mvc.Infrastructure.ControllerActionInvoker.<InvokeNextActionFilterAsync>g__Awaited|10_0(ControllerActionInvoker invoker, Task lastTask, State next, Scope scope, Object state, Boolean isCompleted)
   at Microsoft.AspNetCore.Mvc.Infrastructure.ControllerActionInvoker.Rethrow(ActionExecutedContextSealed context)
   at Microsoft.AspNetCore.Mvc.Infrastructure.ControllerActionInvoker.Next(State& next, Scope& scope, Object& state, Boolean& isCompleted)
   at Microsoft.AspNetCore.Mvc.Infrastructure.ControllerActionInvoker.<InvokeInnerFilterAsync>g__Awaited|13_0(ControllerActionInvoker invoker, Task lastTask, State next, Scope scope, Object state, Boolean isCompleted)
   at Microsoft.AspNetCore.Mvc.Infrastructure.ResourceInvoker.<InvokeNextExceptionFilterAsync>g__Awaited|25_0(ResourceInvoker invoker, Task lastTask, State next, Scope scope, Object state, Boolean isCompleted) 
2022-04-03 23:54:44.6175|Sys.Common.NLogHelp|ERROR|
【异常信息】：The process cannot access the file 'E:\System_Uploads\需求设计-计应（191）张俊.docx' because it is being used by another process. 
【异常类型】：IOException 
【堆栈调用】：
   at System.IO.FileSystem.DeleteFile(String fullPath)
   at System.IO.File.Delete(String path)
   at Sys.Service.SendEmailService.SendEmailAsync(SendEmail sm) in E:\设计\Sys.Service\SendEmailService.cs:line 49
   at Sys.CoreApi.Controllers.SendEmailController.Send(SendEmail sm) in E:\设计\Sys.CoreApi\Controllers\SendEmailController.cs:line 26
   at lambda_method(Closure , Object )
   at Microsoft.Extensions.Internal.ObjectMethodExecutorAwaitable.Awaiter.GetResult()
   at Microsoft.AspNetCore.Mvc.Infrastructure.ActionMethodExecutor.TaskOfActionResultExecutor.Execute(IActionResultTypeMapper mapper, ObjectMethodExecutor executor, Object controller, Object[] arguments)
   at Microsoft.AspNetCore.Mvc.Infrastructure.ControllerActionInvoker.<InvokeActionMethodAsync>g__Awaited|12_0(ControllerActionInvoker invoker, ValueTask`1 actionResultValueTask)
   at Microsoft.AspNetCore.Mvc.Infrastructure.ControllerActionInvoker.<InvokeNextActionFilterAsync>g__Awaited|10_0(ControllerActionInvoker invoker, Task lastTask, State next, Scope scope, Object state, Boolean isCompleted)
   at Microsoft.AspNetCore.Mvc.Infrastructure.ControllerActionInvoker.Rethrow(ActionExecutedContextSealed context)
   at Microsoft.AspNetCore.Mvc.Infrastructure.ControllerActionInvoker.Next(State& next, Scope& scope, Object& state, Boolean& isCompleted)
   at Microsoft.AspNetCore.Mvc.Infrastructure.ControllerActionInvoker.InvokeInnerFilterAsync()
--- End of stack trace from previous location where exception was thrown ---
   at Microsoft.AspNetCore.Mvc.Infrastructure.ResourceInvoker.<InvokeNextExceptionFilterAsync>g__Awaited|25_0(ResourceInvoker invoker, Task lastTask, State next, Scope scope, Object state, Boolean isCompleted) 
2022-04-03 23:58:56.2192|Sys.Common.NLogHelp|ERROR|
【异常信息】：Cannot access a closed file. 
【异常类型】：ObjectDisposedException 
【堆栈调用】：
   at System.IO.FileStream.Seek(Int64 offset, SeekOrigin origin)
   at MimeKit.MimeContent.WriteToAsync(Stream stream, CancellationToken cancellationToken)
   at MimeKit.MimeContent.DecodeToAsync(Stream stream, CancellationToken cancellationToken)
   at MimeKit.MimePart.WriteToAsync(FormatOptions options, Stream stream, Boolean contentOnly, CancellationToken cancellationToken)
   at MimeKit.Multipart.WriteToAsync(FormatOptions options, Stream stream, Boolean contentOnly, CancellationToken cancellationToken)
   at MimeKit.MimeMessage.WriteToAsync(FormatOptions options, Stream stream, Boolean headersOnly, CancellationToken cancellationToken)
   at MailKit.Net.Smtp.SmtpClient.DataAsync(FormatOptions options, MimeMessage message, Int64 size, Boolean doAsync, CancellationToken cancellationToken, ITransferProgress progress)
   at MailKit.Net.Smtp.SmtpClient.SendAsync(FormatOptions options, MimeMessage message, MailboxAddress sender, IList`1 recipients, Boolean doAsync, CancellationToken cancellationToken, ITransferProgress progress)
   at Sys.Service.SendEmailService.SendEmailAsync(SendEmail sm) in E:\设计\Sys.Service\SendEmailService.cs:line 68
   at Sys.CoreApi.Controllers.SendEmailController.Send(SendEmail sm) in E:\设计\Sys.CoreApi\Controllers\SendEmailController.cs:line 26
   at lambda_method(Closure , Object )
   at Microsoft.Extensions.Internal.ObjectMethodExecutorAwaitable.Awaiter.GetResult()
   at Microsoft.AspNetCore.Mvc.Infrastructure.ActionMethodExecutor.TaskOfActionResultExecutor.Execute(IActionResultTypeMapper mapper, ObjectMethodExecutor executor, Object controller, Object[] arguments)
   at Microsoft.AspNetCore.Mvc.Infrastructure.ControllerActionInvoker.<InvokeActionMethodAsync>g__Awaited|12_0(ControllerActionInvoker invoker, ValueTask`1 actionResultValueTask)
   at Microsoft.AspNetCore.Mvc.Infrastructure.ControllerActionInvoker.<InvokeNextActionFilterAsync>g__Awaited|10_0(ControllerActionInvoker invoker, Task lastTask, State next, Scope scope, Object state, Boolean isCompleted)
   at Microsoft.AspNetCore.Mvc.Infrastructure.ControllerActionInvoker.Rethrow(ActionExecutedContextSealed context)
   at Microsoft.AspNetCore.Mvc.Infrastructure.ControllerActionInvoker.Next(State& next, Scope& scope, Object& state, Boolean& isCompleted)
   at Microsoft.AspNetCore.Mvc.Infrastructure.ControllerActionInvoker.<InvokeInnerFilterAsync>g__Awaited|13_0(ControllerActionInvoker invoker, Task lastTask, State next, Scope scope, Object state, Boolean isCompleted)
   at Microsoft.AspNetCore.Mvc.Infrastructure.ResourceInvoker.<InvokeNextExceptionFilterAsync>g__Awaited|25_0(ResourceInvoker invoker, Task lastTask, State next, Scope scope, Object state, Boolean isCompleted) 
2022-04-03 23:59:51.0281|Sys.Common.NLogHelp|ERROR|
【异常信息】：Cannot access a closed file. 
【异常类型】：ObjectDisposedException 
【堆栈调用】：
   at System.IO.FileStream.Seek(Int64 offset, SeekOrigin origin)
   at MimeKit.MimeContent.WriteToAsync(Stream stream, CancellationToken cancellationToken)
   at MimeKit.MimeContent.DecodeToAsync(Stream stream, CancellationToken cancellationToken)
   at MimeKit.MimePart.WriteToAsync(FormatOptions options, Stream stream, Boolean contentOnly, CancellationToken cancellationToken)
   at MimeKit.Multipart.WriteToAsync(FormatOptions options, Stream stream, Boolean contentOnly, CancellationToken cancellationToken)
   at MimeKit.MimeMessage.WriteToAsync(FormatOptions options, Stream stream, Boolean headersOnly, CancellationToken cancellationToken)
   at MailKit.Net.Smtp.SmtpClient.DataAsync(FormatOptions options, MimeMessage message, Int64 size, Boolean doAsync, CancellationToken cancellationToken, ITransferProgress progress)
   at MailKit.Net.Smtp.SmtpClient.SendAsync(FormatOptions options, MimeMessage message, MailboxAddress sender, IList`1 recipients, Boolean doAsync, CancellationToken cancellationToken, ITransferProgress progress)
   at Sys.Service.SendEmailService.SendEmailAsync(SendEmail sm) in E:\设计\Sys.Service\SendEmailService.cs:line 67
   at Sys.CoreApi.Controllers.SendEmailController.Send(SendEmail sm) in E:\设计\Sys.CoreApi\Controllers\SendEmailController.cs:line 26
   at lambda_method(Closure , Object )
   at Microsoft.Extensions.Internal.ObjectMethodExecutorAwaitable.Awaiter.GetResult()
   at Microsoft.AspNetCore.Mvc.Infrastructure.ActionMethodExecutor.TaskOfActionResultExecutor.Execute(IActionResultTypeMapper mapper, ObjectMethodExecutor executor, Object controller, Object[] arguments)
   at Microsoft.AspNetCore.Mvc.Infrastructure.ControllerActionInvoker.<InvokeActionMethodAsync>g__Awaited|12_0(ControllerActionInvoker invoker, ValueTask`1 actionResultValueTask)
   at Microsoft.AspNetCore.Mvc.Infrastructure.ControllerActionInvoker.<InvokeNextActionFilterAsync>g__Awaited|10_0(ControllerActionInvoker invoker, Task lastTask, State next, Scope scope, Object state, Boolean isCompleted)
   at Microsoft.AspNetCore.Mvc.Infrastructure.ControllerActionInvoker.Rethrow(ActionExecutedContextSealed context)
   at Microsoft.AspNetCore.Mvc.Infrastructure.ControllerActionInvoker.Next(State& next, Scope& scope, Object& state, Boolean& isCompleted)
   at Microsoft.AspNetCore.Mvc.Infrastructure.ControllerActionInvoker.<InvokeInnerFilterAsync>g__Awaited|13_0(ControllerActionInvoker invoker, Task lastTask, State next, Scope scope, Object state, Boolean isCompleted)
   at Microsoft.AspNetCore.Mvc.Infrastructure.ResourceInvoker.<InvokeNextExceptionFilterAsync>g__Awaited|25_0(ResourceInvoker invoker, Task lastTask, State next, Scope scope, Object state, Boolean isCompleted) 
